{"/home/artur/Study/fullstackopen-2019/notes-app/frontend/src/App.js": {"path":"/home/artur/Study/fullstackopen-2019/notes-app/frontend/src/App.js","statementMap":{"0":{"start":{"line":11,"column":12},"end":{"line":170,"column":1}},"1":{"start":{"line":12,"column":28},"end":{"line":12,"column":40}},"2":{"start":{"line":13,"column":32},"end":{"line":13,"column":44}},"3":{"start":{"line":14,"column":32},"end":{"line":14,"column":46}},"4":{"start":{"line":15,"column":42},"end":{"line":15,"column":56}},"5":{"start":{"line":16,"column":34},"end":{"line":16,"column":46}},"6":{"start":{"line":17,"column":34},"end":{"line":17,"column":46}},"7":{"start":{"line":18,"column":26},"end":{"line":18,"column":40}},"8":{"start":{"line":20,"column":2},"end":{"line":27,"column":8}},"9":{"start":{"line":21,"column":27},"end":{"line":21,"column":75}},"10":{"start":{"line":22,"column":4},"end":{"line":26,"column":5}},"11":{"start":{"line":23,"column":19},"end":{"line":23,"column":45}},"12":{"start":{"line":24,"column":6},"end":{"line":24,"column":19}},"13":{"start":{"line":25,"column":6},"end":{"line":25,"column":38}},"14":{"start":{"line":29,"column":22},"end":{"line":49,"column":3}},"15":{"start":{"line":30,"column":4},"end":{"line":30,"column":26}},"16":{"start":{"line":31,"column":4},"end":{"line":48,"column":5}},"17":{"start":{"line":32,"column":19},"end":{"line":34,"column":8}},"18":{"start":{"line":36,"column":6},"end":{"line":38,"column":7}},"19":{"start":{"line":39,"column":6},"end":{"line":39,"column":38}},"20":{"start":{"line":40,"column":6},"end":{"line":40,"column":19}},"21":{"start":{"line":41,"column":6},"end":{"line":41,"column":21}},"22":{"start":{"line":42,"column":6},"end":{"line":42,"column":21}},"23":{"start":{"line":44,"column":6},"end":{"line":44,"column":42}},"24":{"start":{"line":45,"column":6},"end":{"line":47,"column":14}},"25":{"start":{"line":46,"column":8},"end":{"line":46,"column":29}},"26":{"start":{"line":51,"column":22},"end":{"line":53,"column":42}},"27":{"start":{"line":53,"column":27},"end":{"line":53,"column":41}},"28":{"start":{"line":55,"column":2},"end":{"line":61,"column":8}},"29":{"start":{"line":56,"column":4},"end":{"line":60,"column":8}},"30":{"start":{"line":59,"column":8},"end":{"line":59,"column":30}},"31":{"start":{"line":63,"column":27},"end":{"line":82,"column":3}},"32":{"start":{"line":64,"column":17},"end":{"line":64,"column":45}},"33":{"start":{"line":64,"column":33},"end":{"line":64,"column":44}},"34":{"start":{"line":65,"column":24},"end":{"line":65,"column":63}},"35":{"start":{"line":67,"column":4},"end":{"line":81,"column":8}},"36":{"start":{"line":70,"column":8},"end":{"line":70,"column":73}},"37":{"start":{"line":70,"column":35},"end":{"line":70,"column":71}},"38":{"start":{"line":74,"column":8},"end":{"line":76,"column":9}},"39":{"start":{"line":77,"column":8},"end":{"line":79,"column":16}},"40":{"start":{"line":78,"column":10},"end":{"line":78,"column":31}},"41":{"start":{"line":80,"column":8},"end":{"line":80,"column":48}},"42":{"start":{"line":80,"column":35},"end":{"line":80,"column":46}},"43":{"start":{"line":84,"column":18},"end":{"line":101,"column":3}},"44":{"start":{"line":85,"column":4},"end":{"line":85,"column":26}},"45":{"start":{"line":86,"column":4},"end":{"line":86,"column":42}},"46":{"start":{"line":87,"column":23},"end":{"line":92,"column":5}},"47":{"start":{"line":94,"column":4},"end":{"line":99,"column":8}},"48":{"start":{"line":97,"column":8},"end":{"line":97,"column":44}},"49":{"start":{"line":98,"column":8},"end":{"line":98,"column":22}},"50":{"start":{"line":103,"column":15},"end":{"line":109,"column":3}},"51":{"start":{"line":103,"column":21},"end":{"line":109,"column":3}},"52":{"start":{"line":104,"column":4},"end":{"line":108,"column":6}},"53":{"start":{"line":107,"column":30},"end":{"line":107,"column":55}},"54":{"start":{"line":111,"column":22},"end":{"line":111,"column":39}},"55":{"start":{"line":113,"column":19},"end":{"line":121,"column":3}},"56":{"start":{"line":114,"column":4},"end":{"line":120,"column":16}},"57":{"start":{"line":123,"column":27},"end":{"line":125,"column":3}},"58":{"start":{"line":124,"column":4},"end":{"line":124,"column":34}},"59":{"start":{"line":127,"column":20},"end":{"line":137,"column":3}},"60":{"start":{"line":128,"column":4},"end":{"line":136,"column":16}},"61":{"start":{"line":132,"column":46},"end":{"line":132,"column":71}},"62":{"start":{"line":133,"column":46},"end":{"line":133,"column":71}},"63":{"start":{"line":139,"column":23},"end":{"line":142,"column":3}},"64":{"start":{"line":140,"column":4},"end":{"line":140,"column":31}},"65":{"start":{"line":141,"column":4},"end":{"line":141,"column":17}},"66":{"start":{"line":144,"column":2},"end":{"line":169,"column":3}},"67":{"start":{"line":159,"column":31},"end":{"line":159,"column":51}}},"fnMap":{"0":{"name":"(anonymous_0)","decl":{"start":{"line":11,"column":12},"end":{"line":11,"column":13}},"loc":{"start":{"line":11,"column":18},"end":{"line":170,"column":1}},"line":11},"1":{"name":"(anonymous_1)","decl":{"start":{"line":20,"column":12},"end":{"line":20,"column":13}},"loc":{"start":{"line":20,"column":18},"end":{"line":27,"column":3}},"line":20},"2":{"name":"(anonymous_2)","decl":{"start":{"line":29,"column":22},"end":{"line":29,"column":23}},"loc":{"start":{"line":29,"column":39},"end":{"line":49,"column":3}},"line":29},"3":{"name":"(anonymous_3)","decl":{"start":{"line":45,"column":17},"end":{"line":45,"column":18}},"loc":{"start":{"line":45,"column":23},"end":{"line":47,"column":7}},"line":45},"4":{"name":"(anonymous_4)","decl":{"start":{"line":53,"column":19},"end":{"line":53,"column":20}},"loc":{"start":{"line":53,"column":27},"end":{"line":53,"column":41}},"line":53},"5":{"name":"(anonymous_5)","decl":{"start":{"line":55,"column":12},"end":{"line":55,"column":13}},"loc":{"start":{"line":55,"column":18},"end":{"line":61,"column":3}},"line":55},"6":{"name":"(anonymous_6)","decl":{"start":{"line":58,"column":12},"end":{"line":58,"column":13}},"loc":{"start":{"line":58,"column":28},"end":{"line":60,"column":7}},"line":58},"7":{"name":"(anonymous_7)","decl":{"start":{"line":63,"column":27},"end":{"line":63,"column":28}},"loc":{"start":{"line":63,"column":33},"end":{"line":82,"column":3}},"line":63},"8":{"name":"(anonymous_8)","decl":{"start":{"line":64,"column":28},"end":{"line":64,"column":29}},"loc":{"start":{"line":64,"column":33},"end":{"line":64,"column":44}},"line":64},"9":{"name":"(anonymous_9)","decl":{"start":{"line":69,"column":12},"end":{"line":69,"column":13}},"loc":{"start":{"line":69,"column":28},"end":{"line":71,"column":7}},"line":69},"10":{"name":"(anonymous_10)","decl":{"start":{"line":70,"column":27},"end":{"line":70,"column":28}},"loc":{"start":{"line":70,"column":35},"end":{"line":70,"column":71}},"line":70},"11":{"name":"(anonymous_11)","decl":{"start":{"line":73,"column":13},"end":{"line":73,"column":14}},"loc":{"start":{"line":73,"column":22},"end":{"line":81,"column":7}},"line":73},"12":{"name":"(anonymous_12)","decl":{"start":{"line":77,"column":19},"end":{"line":77,"column":20}},"loc":{"start":{"line":77,"column":25},"end":{"line":79,"column":9}},"line":77},"13":{"name":"(anonymous_13)","decl":{"start":{"line":80,"column":30},"end":{"line":80,"column":31}},"loc":{"start":{"line":80,"column":35},"end":{"line":80,"column":46}},"line":80},"14":{"name":"(anonymous_14)","decl":{"start":{"line":84,"column":18},"end":{"line":84,"column":19}},"loc":{"start":{"line":84,"column":29},"end":{"line":101,"column":3}},"line":84},"15":{"name":"(anonymous_15)","decl":{"start":{"line":96,"column":12},"end":{"line":96,"column":13}},"loc":{"start":{"line":96,"column":28},"end":{"line":99,"column":7}},"line":96},"16":{"name":"(anonymous_16)","decl":{"start":{"line":103,"column":15},"end":{"line":103,"column":16}},"loc":{"start":{"line":103,"column":21},"end":{"line":109,"column":3}},"line":103},"17":{"name":"(anonymous_17)","decl":{"start":{"line":103,"column":37},"end":{"line":103,"column":38}},"loc":{"start":{"line":104,"column":4},"end":{"line":108,"column":6}},"line":104},"18":{"name":"(anonymous_18)","decl":{"start":{"line":107,"column":24},"end":{"line":107,"column":25}},"loc":{"start":{"line":107,"column":30},"end":{"line":107,"column":55}},"line":107},"19":{"name":"(anonymous_19)","decl":{"start":{"line":113,"column":19},"end":{"line":113,"column":20}},"loc":{"start":{"line":114,"column":4},"end":{"line":120,"column":16}},"line":114},"20":{"name":"(anonymous_20)","decl":{"start":{"line":123,"column":27},"end":{"line":123,"column":28}},"loc":{"start":{"line":123,"column":38},"end":{"line":125,"column":3}},"line":123},"21":{"name":"(anonymous_21)","decl":{"start":{"line":127,"column":20},"end":{"line":127,"column":21}},"loc":{"start":{"line":128,"column":4},"end":{"line":136,"column":16}},"line":128},"22":{"name":"(anonymous_22)","decl":{"start":{"line":132,"column":30},"end":{"line":132,"column":31}},"loc":{"start":{"line":132,"column":46},"end":{"line":132,"column":71}},"line":132},"23":{"name":"(anonymous_23)","decl":{"start":{"line":133,"column":30},"end":{"line":133,"column":31}},"loc":{"start":{"line":133,"column":46},"end":{"line":133,"column":71}},"line":133},"24":{"name":"(anonymous_24)","decl":{"start":{"line":139,"column":23},"end":{"line":139,"column":24}},"loc":{"start":{"line":139,"column":29},"end":{"line":142,"column":3}},"line":139},"25":{"name":"(anonymous_25)","decl":{"start":{"line":159,"column":25},"end":{"line":159,"column":26}},"loc":{"start":{"line":159,"column":31},"end":{"line":159,"column":51}},"line":159}},"branchMap":{"0":{"loc":{"start":{"line":22,"column":4},"end":{"line":26,"column":5}},"type":"if","locations":[{"start":{"line":22,"column":4},"end":{"line":26,"column":5}},{"start":{"line":22,"column":4},"end":{"line":26,"column":5}}],"line":22},"1":{"loc":{"start":{"line":51,"column":22},"end":{"line":53,"column":42}},"type":"cond-expr","locations":[{"start":{"line":52,"column":6},"end":{"line":52,"column":11}},{"start":{"line":53,"column":6},"end":{"line":53,"column":42}}],"line":51},"2":{"loc":{"start":{"line":70,"column":35},"end":{"line":70,"column":71}},"type":"cond-expr","locations":[{"start":{"line":70,"column":52},"end":{"line":70,"column":56}},{"start":{"line":70,"column":59},"end":{"line":70,"column":71}}],"line":70},"3":{"loc":{"start":{"line":150,"column":7},"end":{"line":155,"column":14}},"type":"cond-expr","locations":[{"start":{"line":151,"column":8},"end":{"line":151,"column":19}},{"start":{"line":152,"column":8},"end":{"line":155,"column":14}}],"line":150},"4":{"loc":{"start":{"line":160,"column":16},"end":{"line":160,"column":45}},"type":"cond-expr","locations":[{"start":{"line":160,"column":26},"end":{"line":160,"column":37}},{"start":{"line":160,"column":40},"end":{"line":160,"column":45}}],"line":160}},"s":{"0":1,"1":2,"2":2,"3":2,"4":2,"5":2,"6":2,"7":2,"8":2,"9":1,"10":1,"11":0,"12":0,"13":0,"14":2,"15":0,"16":0,"17":0,"18":0,"19":0,"20":0,"21":0,"22":0,"23":0,"24":0,"25":0,"26":2,"27":0,"28":2,"29":1,"30":1,"31":2,"32":0,"33":0,"34":0,"35":0,"36":0,"37":0,"38":0,"39":0,"40":0,"41":0,"42":0,"43":2,"44":0,"45":0,"46":0,"47":0,"48":0,"49":0,"50":2,"51":2,"52":3,"53":0,"54":2,"55":2,"56":0,"57":2,"58":0,"59":2,"60":2,"61":0,"62":0,"63":2,"64":0,"65":0,"66":2,"67":0},"f":{"0":2,"1":1,"2":0,"3":0,"4":0,"5":1,"6":1,"7":0,"8":0,"9":0,"10":0,"11":0,"12":0,"13":0,"14":0,"15":0,"16":2,"17":3,"18":0,"19":0,"20":0,"21":2,"22":0,"23":0,"24":0,"25":0},"b":{"0":[0,1],"1":[2,0],"2":[0,0],"3":[2,0],"4":[2,0]},"_coverageSchema":"43e27e138ebf9cfc5966b082cf9a028302ed4184","hash":"0d899bc21df40a51260e53d8f8d683f1927015bf"}
,"/home/artur/Study/fullstackopen-2019/notes-app/frontend/src/index.js": {"path":"/home/artur/Study/fullstackopen-2019/notes-app/frontend/src/index.js","statementMap":{"0":{"start":{"line":6,"column":0},"end":{"line":6,"column":57}}},"fnMap":{},"branchMap":{},"s":{"0":0},"f":{},"b":{},"hash":"24c9dae056d15cef4633c831726b78484adf1a3b"}
,"/home/artur/Study/fullstackopen-2019/notes-app/frontend/src/components/Footer.js": {"path":"/home/artur/Study/fullstackopen-2019/notes-app/frontend/src/components/Footer.js","statementMap":{"0":{"start":{"line":3,"column":15},"end":{"line":16,"column":1}},"1":{"start":{"line":4,"column":22},"end":{"line":8,"column":3}},"2":{"start":{"line":10,"column":2},"end":{"line":15,"column":3}}},"fnMap":{"0":{"name":"(anonymous_0)","decl":{"start":{"line":3,"column":15},"end":{"line":3,"column":16}},"loc":{"start":{"line":3,"column":21},"end":{"line":16,"column":1}},"line":3}},"branchMap":{},"s":{"0":1,"1":2,"2":2},"f":{"0":2},"b":{},"_coverageSchema":"43e27e138ebf9cfc5966b082cf9a028302ed4184","hash":"2001725977c68e1e6ab68336516e5a5c5633fde6"}
,"/home/artur/Study/fullstackopen-2019/notes-app/frontend/src/components/LoginForm.js": {"path":"/home/artur/Study/fullstackopen-2019/notes-app/frontend/src/components/LoginForm.js","statementMap":{"0":{"start":{"line":4,"column":18},"end":{"line":38,"column":1}},"1":{"start":{"line":11,"column":2},"end":{"line":37,"column":3}},"2":{"start":{"line":40,"column":0},"end":{"line":46,"column":1}}},"fnMap":{"0":{"name":"(anonymous_0)","decl":{"start":{"line":4,"column":18},"end":{"line":4,"column":19}},"loc":{"start":{"line":10,"column":6},"end":{"line":38,"column":1}},"line":10}},"branchMap":{},"s":{"0":1,"1":2,"2":1},"f":{"0":2},"b":{},"_coverageSchema":"43e27e138ebf9cfc5966b082cf9a028302ed4184","hash":"8578d0b7c17f78ba009174410f1cf8b43a6a40cb"}
,"/home/artur/Study/fullstackopen-2019/notes-app/frontend/src/components/Note.js": {"path":"/home/artur/Study/fullstackopen-2019/notes-app/frontend/src/components/Note.js","statementMap":{"0":{"start":{"line":3,"column":13},"end":{"line":13,"column":1}},"1":{"start":{"line":4,"column":16},"end":{"line":5,"column":45}},"2":{"start":{"line":7,"column":2},"end":{"line":12,"column":3}}},"fnMap":{"0":{"name":"(anonymous_0)","decl":{"start":{"line":3,"column":13},"end":{"line":3,"column":14}},"loc":{"start":{"line":3,"column":45},"end":{"line":13,"column":1}},"line":3}},"branchMap":{"0":{"loc":{"start":{"line":4,"column":16},"end":{"line":5,"column":45}},"type":"cond-expr","locations":[{"start":{"line":5,"column":6},"end":{"line":5,"column":26}},{"start":{"line":5,"column":29},"end":{"line":5,"column":45}}],"line":4}},"s":{"0":2,"1":5,"2":5},"f":{"0":5},"b":{"0":[4,1]},"_coverageSchema":"43e27e138ebf9cfc5966b082cf9a028302ed4184","hash":"60f9e23d2f07ca2b345af574406aab577b6e62fa"}
,"/home/artur/Study/fullstackopen-2019/notes-app/frontend/src/components/NoteForm.js": {"path":"/home/artur/Study/fullstackopen-2019/notes-app/frontend/src/components/NoteForm.js","statementMap":{"0":{"start":{"line":3,"column":17},"end":{"line":17,"column":1}},"1":{"start":{"line":4,"column":2},"end":{"line":16,"column":3}}},"fnMap":{"0":{"name":"(anonymous_0)","decl":{"start":{"line":3,"column":17},"end":{"line":3,"column":18}},"loc":{"start":{"line":3,"column":56},"end":{"line":17,"column":1}},"line":3}},"branchMap":{},"s":{"0":2,"1":1},"f":{"0":1},"b":{},"_coverageSchema":"43e27e138ebf9cfc5966b082cf9a028302ed4184","hash":"86f0a9e8a30af0ece79d8eea85c314913c42abd0"}
,"/home/artur/Study/fullstackopen-2019/notes-app/frontend/src/components/Notification.js": {"path":"/home/artur/Study/fullstackopen-2019/notes-app/frontend/src/components/Notification.js","statementMap":{"0":{"start":{"line":3,"column":21},"end":{"line":13,"column":1}},"1":{"start":{"line":4,"column":2},"end":{"line":6,"column":3}},"2":{"start":{"line":5,"column":4},"end":{"line":5,"column":15}},"3":{"start":{"line":8,"column":2},"end":{"line":12,"column":3}}},"fnMap":{"0":{"name":"(anonymous_0)","decl":{"start":{"line":3,"column":21},"end":{"line":3,"column":22}},"loc":{"start":{"line":3,"column":38},"end":{"line":13,"column":1}},"line":3}},"branchMap":{"0":{"loc":{"start":{"line":4,"column":2},"end":{"line":6,"column":3}},"type":"if","locations":[{"start":{"line":4,"column":2},"end":{"line":6,"column":3}},{"start":{"line":4,"column":2},"end":{"line":6,"column":3}}],"line":4}},"s":{"0":1,"1":2,"2":2,"3":0},"f":{"0":2},"b":{"0":[2,0]},"_coverageSchema":"43e27e138ebf9cfc5966b082cf9a028302ed4184","hash":"af4d85f70e0c64dfeae1363a40d5ebd559c1d13e"}
,"/home/artur/Study/fullstackopen-2019/notes-app/frontend/src/components/Togglable.js": {"path":"/home/artur/Study/fullstackopen-2019/notes-app/frontend/src/components/Togglable.js","statementMap":{"0":{"start":{"line":4,"column":18},"end":{"line":31,"column":2}},"1":{"start":{"line":5,"column":32},"end":{"line":5,"column":47}},"2":{"start":{"line":7,"column":26},"end":{"line":7,"column":60}},"3":{"start":{"line":8,"column":26},"end":{"line":8,"column":60}},"4":{"start":{"line":10,"column":27},"end":{"line":12,"column":3}},"5":{"start":{"line":11,"column":4},"end":{"line":11,"column":24}},"6":{"start":{"line":14,"column":2},"end":{"line":18,"column":4}},"7":{"start":{"line":15,"column":4},"end":{"line":17,"column":5}},"8":{"start":{"line":20,"column":2},"end":{"line":30,"column":3}},"9":{"start":{"line":33,"column":0},"end":{"line":35,"column":1}}},"fnMap":{"0":{"name":"(anonymous_0)","decl":{"start":{"line":4,"column":35},"end":{"line":4,"column":36}},"loc":{"start":{"line":4,"column":51},"end":{"line":31,"column":1}},"line":4},"1":{"name":"(anonymous_1)","decl":{"start":{"line":10,"column":27},"end":{"line":10,"column":28}},"loc":{"start":{"line":10,"column":33},"end":{"line":12,"column":3}},"line":10},"2":{"name":"(anonymous_2)","decl":{"start":{"line":14,"column":27},"end":{"line":14,"column":28}},"loc":{"start":{"line":14,"column":33},"end":{"line":18,"column":3}},"line":14}},"branchMap":{"0":{"loc":{"start":{"line":7,"column":37},"end":{"line":7,"column":58}},"type":"cond-expr","locations":[{"start":{"line":7,"column":47},"end":{"line":7,"column":53}},{"start":{"line":7,"column":56},"end":{"line":7,"column":58}}],"line":7},"1":{"loc":{"start":{"line":8,"column":37},"end":{"line":8,"column":58}},"type":"cond-expr","locations":[{"start":{"line":8,"column":47},"end":{"line":8,"column":49}},{"start":{"line":8,"column":52},"end":{"line":8,"column":58}}],"line":8}},"s":{"0":2,"1":9,"2":9,"3":9,"4":9,"5":3,"6":9,"7":0,"8":9,"9":2},"f":{"0":9,"1":3,"2":0},"b":{"0":[2,7],"1":[2,7]},"_coverageSchema":"43e27e138ebf9cfc5966b082cf9a028302ed4184","hash":"c61ac0e7a5c5ea6d6294106a414fd81db225ba93"}
,"/home/artur/Study/fullstackopen-2019/notes-app/frontend/src/services/login.js": {"path":"/home/artur/Study/fullstackopen-2019/notes-app/frontend/src/services/login.js","statementMap":{"0":{"start":{"line":2,"column":16},"end":{"line":2,"column":28}},"1":{"start":{"line":4,"column":14},"end":{"line":7,"column":1}},"2":{"start":{"line":5,"column":19},"end":{"line":5,"column":57}},"3":{"start":{"line":6,"column":2},"end":{"line":6,"column":22}}},"fnMap":{"0":{"name":"(anonymous_0)","decl":{"start":{"line":4,"column":14},"end":{"line":4,"column":15}},"loc":{"start":{"line":4,"column":35},"end":{"line":7,"column":1}},"line":4}},"branchMap":{},"s":{"0":1,"1":1,"2":0,"3":0},"f":{"0":0},"b":{},"_coverageSchema":"43e27e138ebf9cfc5966b082cf9a028302ed4184","hash":"099cddf93c4ed66c01cb759699b1cada9af80967"}
,"/home/artur/Study/fullstackopen-2019/notes-app/frontend/src/services/notes.js": {"path":"/home/artur/Study/fullstackopen-2019/notes-app/frontend/src/services/notes.js","statementMap":{"0":{"start":{"line":2,"column":16},"end":{"line":2,"column":28}},"1":{"start":{"line":4,"column":12},"end":{"line":4,"column":16}},"2":{"start":{"line":6,"column":17},"end":{"line":8,"column":1}},"3":{"start":{"line":7,"column":2},"end":{"line":7,"column":30}},"4":{"start":{"line":10,"column":15},"end":{"line":13,"column":1}},"5":{"start":{"line":11,"column":18},"end":{"line":11,"column":36}},"6":{"start":{"line":12,"column":2},"end":{"line":12,"column":48}},"7":{"start":{"line":12,"column":34},"end":{"line":12,"column":47}},"8":{"start":{"line":15,"column":15},"end":{"line":22,"column":1}},"9":{"start":{"line":16,"column":17},"end":{"line":18,"column":3}},"10":{"start":{"line":20,"column":19},"end":{"line":20,"column":63}},"11":{"start":{"line":21,"column":2},"end":{"line":21,"column":22}},"12":{"start":{"line":24,"column":15},"end":{"line":27,"column":1}},"13":{"start":{"line":25,"column":18},"end":{"line":25,"column":68}},"14":{"start":{"line":26,"column":2},"end":{"line":26,"column":48}},"15":{"start":{"line":26,"column":34},"end":{"line":26,"column":47}}},"fnMap":{"0":{"name":"(anonymous_0)","decl":{"start":{"line":6,"column":17},"end":{"line":6,"column":18}},"loc":{"start":{"line":6,"column":29},"end":{"line":8,"column":1}},"line":6},"1":{"name":"(anonymous_1)","decl":{"start":{"line":10,"column":15},"end":{"line":10,"column":16}},"loc":{"start":{"line":10,"column":21},"end":{"line":13,"column":1}},"line":10},"2":{"name":"(anonymous_2)","decl":{"start":{"line":12,"column":22},"end":{"line":12,"column":23}},"loc":{"start":{"line":12,"column":34},"end":{"line":12,"column":47}},"line":12},"3":{"name":"(anonymous_3)","decl":{"start":{"line":15,"column":15},"end":{"line":15,"column":16}},"loc":{"start":{"line":15,"column":34},"end":{"line":22,"column":1}},"line":15},"4":{"name":"(anonymous_4)","decl":{"start":{"line":24,"column":15},"end":{"line":24,"column":16}},"loc":{"start":{"line":24,"column":30},"end":{"line":27,"column":1}},"line":24},"5":{"name":"(anonymous_5)","decl":{"start":{"line":26,"column":22},"end":{"line":26,"column":23}},"loc":{"start":{"line":26,"column":34},"end":{"line":26,"column":47}},"line":26}},"branchMap":{},"s":{"0":0,"1":0,"2":0,"3":0,"4":0,"5":0,"6":0,"7":0,"8":0,"9":0,"10":0,"11":0,"12":0,"13":0,"14":0,"15":0},"f":{"0":0,"1":0,"2":0,"3":0,"4":0,"5":0},"b":{},"hash":"d5e439ee3ceb253dfcbf4ef9714c0911205d7dc8"}
}
