TN:
SF:/home/artur/Study/fullstackopen-2019/notes-app/frontend/src/App.js
FN:11,(anonymous_0)
FN:20,(anonymous_1)
FN:29,(anonymous_2)
FN:45,(anonymous_3)
FN:53,(anonymous_4)
FN:55,(anonymous_5)
FN:58,(anonymous_6)
FN:63,(anonymous_7)
FN:64,(anonymous_8)
FN:69,(anonymous_9)
FN:70,(anonymous_10)
FN:73,(anonymous_11)
FN:77,(anonymous_12)
FN:80,(anonymous_13)
FN:84,(anonymous_14)
FN:96,(anonymous_15)
FN:103,(anonymous_16)
FN:103,(anonymous_17)
FN:107,(anonymous_18)
FN:113,(anonymous_19)
FN:123,(anonymous_20)
FN:127,(anonymous_21)
FN:132,(anonymous_22)
FN:133,(anonymous_23)
FN:139,(anonymous_24)
FN:159,(anonymous_25)
FNF:26
FNH:7
FNDA:2,(anonymous_0)
FNDA:1,(anonymous_1)
FNDA:0,(anonymous_2)
FNDA:0,(anonymous_3)
FNDA:0,(anonymous_4)
FNDA:1,(anonymous_5)
FNDA:1,(anonymous_6)
FNDA:0,(anonymous_7)
FNDA:0,(anonymous_8)
FNDA:0,(anonymous_9)
FNDA:0,(anonymous_10)
FNDA:0,(anonymous_11)
FNDA:0,(anonymous_12)
FNDA:0,(anonymous_13)
FNDA:0,(anonymous_14)
FNDA:0,(anonymous_15)
FNDA:2,(anonymous_16)
FNDA:3,(anonymous_17)
FNDA:0,(anonymous_18)
FNDA:0,(anonymous_19)
FNDA:0,(anonymous_20)
FNDA:2,(anonymous_21)
FNDA:0,(anonymous_22)
FNDA:0,(anonymous_23)
FNDA:0,(anonymous_24)
FNDA:0,(anonymous_25)
DA:11,1
DA:12,2
DA:13,2
DA:14,2
DA:15,2
DA:16,2
DA:17,2
DA:18,2
DA:20,2
DA:21,1
DA:22,1
DA:23,0
DA:24,0
DA:25,0
DA:29,2
DA:30,0
DA:31,0
DA:32,0
DA:36,0
DA:39,0
DA:40,0
DA:41,0
DA:42,0
DA:44,0
DA:45,0
DA:46,0
DA:51,2
DA:53,0
DA:55,2
DA:56,1
DA:59,1
DA:63,2
DA:64,0
DA:65,0
DA:67,0
DA:70,0
DA:74,0
DA:77,0
DA:78,0
DA:80,0
DA:84,2
DA:85,0
DA:86,0
DA:87,0
DA:94,0
DA:97,0
DA:98,0
DA:103,2
DA:104,3
DA:107,0
DA:111,2
DA:113,2
DA:114,0
DA:123,2
DA:124,0
DA:127,2
DA:128,2
DA:132,0
DA:133,0
DA:139,2
DA:140,0
DA:141,0
DA:144,2
DA:159,0
LF:64
LH:27
BRDA:22,0,0,0
BRDA:22,0,1,1
BRDA:51,1,0,2
BRDA:51,1,1,0
BRDA:70,2,0,0
BRDA:70,2,1,0
BRDA:150,3,0,2
BRDA:150,3,1,0
BRDA:160,4,0,2
BRDA:160,4,1,0
BRF:10
BRH:4
end_of_record
TN:
SF:/home/artur/Study/fullstackopen-2019/notes-app/frontend/src/index.js
FNF:0
FNH:0
DA:6,0
LF:1
LH:0
BRF:0
BRH:0
end_of_record
TN:
SF:/home/artur/Study/fullstackopen-2019/notes-app/frontend/src/components/Footer.js
FN:3,(anonymous_0)
FNF:1
FNH:1
FNDA:2,(anonymous_0)
DA:3,1
DA:4,2
DA:10,2
LF:3
LH:3
BRF:0
BRH:0
end_of_record
TN:
SF:/home/artur/Study/fullstackopen-2019/notes-app/frontend/src/components/LoginForm.js
FN:4,(anonymous_0)
FNF:1
FNH:1
FNDA:2,(anonymous_0)
DA:4,1
DA:11,2
DA:40,1
LF:3
LH:3
BRF:0
BRH:0
end_of_record
TN:
SF:/home/artur/Study/fullstackopen-2019/notes-app/frontend/src/components/Note.js
FN:3,(anonymous_0)
FNF:1
FNH:1
FNDA:5,(anonymous_0)
DA:3,2
DA:4,5
DA:7,5
LF:3
LH:3
BRDA:4,0,0,4
BRDA:4,0,1,1
BRF:2
BRH:2
end_of_record
TN:
SF:/home/artur/Study/fullstackopen-2019/notes-app/frontend/src/components/NoteForm.js
FN:3,(anonymous_0)
FNF:1
FNH:1
FNDA:1,(anonymous_0)
DA:3,2
DA:4,1
LF:2
LH:2
BRF:0
BRH:0
end_of_record
TN:
SF:/home/artur/Study/fullstackopen-2019/notes-app/frontend/src/components/Notification.js
FN:3,(anonymous_0)
FNF:1
FNH:1
FNDA:2,(anonymous_0)
DA:3,1
DA:4,2
DA:5,2
DA:8,0
LF:4
LH:3
BRDA:4,0,0,2
BRDA:4,0,1,0
BRF:2
BRH:1
end_of_record
TN:
SF:/home/artur/Study/fullstackopen-2019/notes-app/frontend/src/components/Togglable.js
FN:4,(anonymous_0)
FN:10,(anonymous_1)
FN:14,(anonymous_2)
FNF:3
FNH:2
FNDA:9,(anonymous_0)
FNDA:3,(anonymous_1)
FNDA:0,(anonymous_2)
DA:4,2
DA:5,9
DA:7,9
DA:8,9
DA:10,9
DA:11,3
DA:14,9
DA:15,0
DA:20,9
DA:33,2
LF:10
LH:9
BRDA:7,0,0,2
BRDA:7,0,1,7
BRDA:8,1,0,2
BRDA:8,1,1,7
BRF:4
BRH:4
end_of_record
TN:
SF:/home/artur/Study/fullstackopen-2019/notes-app/frontend/src/services/login.js
FN:4,(anonymous_0)
FNF:1
FNH:0
FNDA:0,(anonymous_0)
DA:2,1
DA:4,1
DA:5,0
DA:6,0
LF:4
LH:2
BRF:0
BRH:0
end_of_record
TN:
SF:/home/artur/Study/fullstackopen-2019/notes-app/frontend/src/services/notes.js
FN:6,(anonymous_0)
FN:10,(anonymous_1)
FN:12,(anonymous_2)
FN:15,(anonymous_3)
FN:24,(anonymous_4)
FN:26,(anonymous_5)
FNF:6
FNH:0
FNDA:0,(anonymous_0)
FNDA:0,(anonymous_1)
FNDA:0,(anonymous_2)
FNDA:0,(anonymous_3)
FNDA:0,(anonymous_4)
FNDA:0,(anonymous_5)
DA:2,0
DA:4,0
DA:6,0
DA:7,0
DA:10,0
DA:11,0
DA:12,0
DA:15,0
DA:16,0
DA:20,0
DA:21,0
DA:24,0
DA:25,0
DA:26,0
LF:14
LH:0
BRF:0
BRH:0
end_of_record
